{"contracts\\SpooVault.sol":{"l":{"190":2,"191":2,"195":0,"199":0,"214":43,"216":43,"217":79,"218":79,"220":79,"221":56,"224":79,"225":79,"229":43,"231":41,"232":41,"233":4,"236":37,"237":37,"239":37,"240":37,"241":37,"242":37,"243":37,"244":37,"245":37,"246":37,"248":37,"254":37,"255":37,"257":37,"258":75,"259":75,"260":0,"263":75,"264":75,"266":75,"275":37,"276":37,"283":64,"284":64,"286":64,"288":64,"289":63,"290":63,"292":62,"293":62,"294":62,"296":62,"308":6,"309":6,"310":6,"331":0,"332":0,"333":0,"355":0,"378":0,"393":0,"394":0,"395":0,"396":0,"397":0,"400":0,"401":0,"408":2,"409":2,"410":2,"412":2,"413":2,"420":2,"421":2,"422":2,"424":2,"425":2,"435":0,"436":0,"437":0,"439":0,"440":0,"452":0,"453":0,"454":0,"455":0,"468":11,"469":11,"470":9,"471":8,"473":8,"475":8,"476":0,"479":8,"480":8,"490":8,"498":14,"499":14,"501":13,"502":13,"503":13,"504":12,"505":12,"507":11,"508":11,"510":11,"518":9,"519":9,"520":8,"521":2,"524":6,"526":6,"527":0,"530":6,"531":6,"541":6,"549":11,"550":11,"552":10,"553":10,"554":10,"555":10,"556":10,"558":10,"559":10,"561":10,"574":6,"576":6,"577":6,"578":6,"580":6,"581":6,"583":6,"584":6,"586":6,"587":0,"590":6,"591":4,"592":1,"595":3,"596":3,"598":3,"601":5,"602":4,"603":1,"606":3,"607":1,"610":2,"611":2,"614":3,"621":3,"623":3,"624":6,"625":3,"626":3,"627":3,"631":3,"632":3,"644":6,"645":6,"646":6,"648":6,"649":6,"651":6,"661":6,"662":6,"664":6,"665":0,"668":6,"669":6,"670":6,"671":0,"673":6,"680":8,"681":8,"682":8,"684":8,"685":8,"687":8,"688":8,"689":2,"690":2,"694":0,"698":8,"699":8,"701":8,"711":8,"713":8,"714":8,"721":8,"728":0,"732":8,"733":8,"734":8,"735":8,"737":8,"738":8,"739":8,"741":8,"742":8,"744":8,"745":0,"746":0,"749":8,"751":8,"752":8,"753":0,"754":0,"757":8,"758":8,"766":0,"768":0,"769":0,"771":0,"772":0,"773":0,"775":0,"786":9,"787":9,"789":9,"790":9,"792":9,"793":9,"794":9,"796":9,"797":9,"806":1,"807":1,"808":0,"811":1,"813":1,"814":1,"816":1,"832":0,"833":0,"849":5,"850":5,"852":5,"853":6,"854":6,"855":3,"859":5,"860":5,"862":5,"863":6,"864":6,"865":3,"866":3,"870":5,"877":0,"884":2,"891":10,"892":0,"894":10,"901":0,"908":0,"909":0,"913":15,"914":15,"916":15,"917":9,"919":6,"922":15,"923":1,"924":1,"927":14,"928":14,"929":10,"937":15,"938":4,"941":15,"945":14,"946":14,"948":14,"949":14,"950":14,"952":14,"956":18,"957":18,"958":0,"961":18,"962":7,"965":11,"966":2,"969":9,"973":23,"974":23,"978":0,"979":0,"980":0,"982":0,"986":8,"987":8,"989":8,"990":8,"993":0,"995":0,"996":0,"999":0,"1000":0,"1003":0,"1004":0,"1007":0,"1011":29,"1015":1},"path":"C:\\Users\\PROGRESSIVE\\spoovault\\contracts\\SpooVault.sol","s":{"1":2,"2":0,"3":0,"4":43,"5":43,"6":79,"7":79,"8":79,"9":56,"10":79,"11":43,"12":41,"13":41,"14":37,"15":37,"16":37,"17":37,"18":75,"19":75,"20":75,"21":75,"22":37,"23":37,"24":64,"25":64,"26":64,"27":64,"28":63,"29":63,"30":62,"31":62,"32":6,"33":6,"34":6,"35":0,"36":0,"37":0,"38":0,"39":0,"40":0,"41":0,"42":0,"43":0,"44":0,"45":2,"46":2,"47":2,"48":2,"49":2,"50":2,"51":2,"52":2,"53":0,"54":0,"55":0,"56":0,"57":0,"58":0,"59":0,"60":0,"61":11,"62":11,"63":9,"64":8,"65":8,"66":8,"67":8,"68":8,"69":14,"70":14,"71":13,"72":13,"73":13,"74":12,"75":12,"76":11,"77":11,"78":9,"79":9,"80":8,"81":6,"82":6,"83":6,"84":6,"85":11,"86":11,"87":10,"88":10,"89":10,"90":10,"91":10,"92":10,"93":10,"94":6,"95":6,"96":6,"97":6,"98":6,"99":6,"100":6,"101":6,"102":6,"103":6,"104":4,"105":3,"106":5,"107":4,"108":3,"109":3,"110":3,"111":3,"112":6,"113":3,"114":3,"115":6,"116":6,"117":6,"118":6,"119":6,"120":6,"121":6,"122":6,"123":6,"124":0,"125":6,"126":8,"127":8,"128":8,"129":8,"130":8,"131":8,"132":8,"133":2,"134":2,"135":8,"136":8,"137":8,"138":8,"139":0,"140":8,"141":8,"142":8,"143":8,"144":8,"145":8,"146":8,"147":8,"148":8,"149":0,"150":8,"151":8,"152":8,"153":0,"154":8,"155":0,"156":0,"157":0,"158":0,"159":9,"160":9,"161":9,"162":9,"163":9,"164":9,"165":1,"166":1,"167":1,"168":1,"169":0,"170":0,"171":5,"172":5,"173":5,"174":6,"175":6,"176":5,"177":5,"178":5,"179":6,"180":6,"181":5,"182":0,"183":2,"184":10,"185":0,"186":10,"187":0,"188":0,"189":0,"190":15,"191":15,"192":15,"193":6,"194":15,"195":1,"196":14,"197":14,"198":15,"199":15,"200":14,"201":14,"202":14,"203":18,"204":18,"205":0,"206":18,"207":7,"208":11,"209":2,"210":9,"211":23,"212":23,"213":0,"214":0,"215":0,"216":0,"217":8,"218":8,"219":8,"220":8,"221":0,"222":0,"223":0,"224":0,"225":0,"226":0,"227":0,"228":0,"229":29,"230":1},"b":{"1":[0,79],"2":[0,56],"3":[79,0],"4":[2,41],"5":[4,37],"6":[2,2],"7":[0,75],"8":[75,0],"9":[0,64],"10":[0,64],"11":[1,63],"12":[0,63],"13":[1,62],"14":[0,0],"15":[0,0],"16":[0,0],"17":[0,0],"18":[0,0],"19":[0,2],"20":[0,2],"21":[0,2],"22":[0,2],"23":[0,2],"24":[0,2],"25":[0,0],"26":[0,0],"27":[0,0],"28":[0,11],"29":[2,9],"30":[1,8],"31":[0,8],"32":[0,8],"33":[0,14],"34":[1,13],"35":[0,13],"36":[1,12],"37":[0,12],"38":[1,11],"39":[0,9],"40":[1,8],"41":[2,6],"42":[1,1],"43":[0,6],"44":[0,11],"45":[1,10],"46":[0,10],"47":[0,10],"48":[0,10],"49":[0,10],"50":[0,6],"51":[0,6],"52":[4,2],"53":[1,3],"54":[4,1],"55":[1,3],"56":[1,2],"57":[3,3],"58":[0,6],"59":[0,6],"60":[0,6],"61":[0,6],"62":[0,8],"63":[0,8],"64":[0,8],"65":[0,8],"66":[2,6],"67":[0,2],"68":[0,8],"69":[0,8],"70":[0,8],"71":[0,8],"72":[0,8],"73":[0,8],"74":[8,0],"75":[0,8],"76":[0,0],"77":[0,0],"78":[0,9],"79":[0,9],"80":[0,1],"81":[3,3],"82":[3,3],"83":[0,10],"84":[9,6],"85":[6,0],"86":[1,14],"87":[1,0],"88":[14,0],"89":[10,4],"90":[4,11],"91":[0,18],"92":[7,11],"93":[2,9],"94":[6,17],"95":[0,0],"96":[8,0],"97":[0,0],"98":[0,0],"99":[0,0],"100":[0,0],"101":[1,0],"102":[0,0]},"f":{"1":2,"2":0,"3":0,"4":42,"5":43,"6":64,"7":6,"8":0,"9":0,"10":0,"11":0,"12":2,"13":2,"14":0,"15":0,"16":11,"17":14,"18":9,"19":11,"20":6,"21":3,"22":6,"23":8,"24":8,"25":0,"26":8,"27":0,"28":9,"29":1,"30":0,"31":5,"32":0,"33":2,"34":10,"35":0,"36":0,"37":15,"38":14,"39":18,"40":23,"41":0,"42":8,"43":29,"44":1},"fnMap":{"1":{"name":"registerPublicKey","line":189,"loc":{"start":{"line":189,"column":4},"end":{"line":192,"column":4}}},"2":{"name":"getEncryptedGuardianShare","line":194,"loc":{"start":{"line":194,"column":4},"end":{"line":196,"column":4}}},"3":{"name":"getBeneficiaryKeyShare","line":198,"loc":{"start":{"line":198,"column":4},"end":{"line":200,"column":4}}},"4":{"name":"constructor","line":202,"loc":{"start":{"line":202,"column":4},"end":{"line":202,"column":60}}},"5":{"name":"createVault","line":208,"loc":{"start":{"line":208,"column":4},"end":{"line":277,"column":4}}},"6":{"name":"acceptGuardianInvite","line":282,"loc":{"start":{"line":282,"column":4},"end":{"line":297,"column":4}}},"7":{"name":"addDocument","line":302,"loc":{"start":{"line":302,"column":4},"end":{"line":319,"column":4}}},"8":{"name":"addDocumentWithReleaseCondition","line":324,"loc":{"start":{"line":324,"column":4},"end":{"line":342,"column":4}}},"9":{"name":"addDocument","line":347,"loc":{"start":{"line":347,"column":4},"end":{"line":364,"column":4}}},"10":{"name":"addDocumentWithReleaseCondition","line":369,"loc":{"start":{"line":369,"column":4},"end":{"line":387,"column":4}}},"11":{"name":"configureVaultRelease","line":392,"loc":{"start":{"line":392,"column":4},"end":{"line":402,"column":4}}},"12":{"name":"proveLife","line":407,"loc":{"start":{"line":407,"column":4},"end":{"line":414,"column":4}}},"13":{"name":"setEmergencyMode","line":419,"loc":{"start":{"line":419,"column":4},"end":{"line":426,"column":4}}},"14":{"name":"setDocumentReleaseCondition","line":431,"loc":{"start":{"line":431,"column":4},"end":{"line":441,"column":4}}},"15":{"name":"getVaultReleaseState","line":446,"loc":{"start":{"line":446,"column":4},"end":{"line":461,"column":4}}},"16":{"name":"proposeGuardianRemoval","line":467,"loc":{"start":{"line":467,"column":4},"end":{"line":491,"column":4}}},"17":{"name":"approveGuardianRemoval","line":497,"loc":{"start":{"line":497,"column":4},"end":{"line":511,"column":4}}},"18":{"name":"proposeThresholdUpdate","line":517,"loc":{"start":{"line":517,"column":4},"end":{"line":542,"column":4}}},"19":{"name":"approveThresholdUpdate","line":548,"loc":{"start":{"line":548,"column":4},"end":{"line":562,"column":4}}},"20":{"name":"executeVaultReconfiguration","line":569,"loc":{"start":{"line":569,"column":4},"end":{"line":615,"column":4}}},"21":{"name":"_removeGuardian","line":620,"loc":{"start":{"line":620,"column":4},"end":{"line":633,"column":4}}},"22":{"name":"_addDocument","line":635,"loc":{"start":{"line":635,"column":4},"end":{"line":674,"column":4}}},"23":{"name":"requestAccess","line":679,"loc":{"start":{"line":679,"column":4},"end":{"line":715,"column":4}}},"24":{"name":"approveAccess","line":720,"loc":{"start":{"line":720,"column":4},"end":{"line":722,"column":4}}},"25":{"name":"approveAccess","line":727,"loc":{"start":{"line":727,"column":4},"end":{"line":729,"column":4}}},"26":{"name":"_approveAccess","line":731,"loc":{"start":{"line":731,"column":4},"end":{"line":760,"column":4}}},"27":{"name":"revokeAccess","line":765,"loc":{"start":{"line":765,"column":4},"end":{"line":776,"column":4}}},"28":{"name":"mintAccessToken","line":781,"loc":{"start":{"line":781,"column":4},"end":{"line":798,"column":4}}},"29":{"name":"burnAccessToken","line":805,"loc":{"start":{"line":805,"column":4},"end":{"line":817,"column":4}}},"30":{"name":"getVault","line":822,"loc":{"start":{"line":822,"column":4},"end":{"line":843,"column":4}}},"31":{"name":"getPendingInvites","line":848,"loc":{"start":{"line":848,"column":4},"end":{"line":871,"column":4}}},"32":{"name":"getTokenVault","line":876,"loc":{"start":{"line":876,"column":4},"end":{"line":878,"column":4}}},"33":{"name":"hasVaultToken","line":883,"loc":{"start":{"line":883,"column":4},"end":{"line":885,"column":4}}},"34":{"name":"hasActiveAccess","line":890,"loc":{"start":{"line":890,"column":4},"end":{"line":895,"column":4}}},"35":{"name":"totalSupply","line":900,"loc":{"start":{"line":900,"column":4},"end":{"line":902,"column":4}}},"36":{"name":"tokenURI","line":907,"loc":{"start":{"line":907,"column":4},"end":{"line":910,"column":4}}},"37":{"name":"_update","line":912,"loc":{"start":{"line":912,"column":4},"end":{"line":942,"column":4}}},"38":{"name":"_grantAccess","line":944,"loc":{"start":{"line":944,"column":4},"end":{"line":953,"column":4}}},"39":{"name":"_hasActiveAccess","line":955,"loc":{"start":{"line":955,"column":4},"end":{"line":970,"column":4}}},"40":{"name":"_currentAccessVersion","line":972,"loc":{"start":{"line":972,"column":4},"end":{"line":975,"column":4}}},"41":{"name":"_isPostDeathUnlocked","line":977,"loc":{"start":{"line":977,"column":4},"end":{"line":983,"column":4}}},"42":{"name":"_isReleaseConditionSatisfied","line":985,"loc":{"start":{"line":985,"column":4},"end":{"line":1008,"column":4}}},"43":{"name":"_ownsVaultToken","line":1010,"loc":{"start":{"line":1010,"column":4},"end":{"line":1012,"column":4}}},"44":{"name":"_isTokenOwnerOrApproved","line":1014,"loc":{"start":{"line":1014,"column":4},"end":{"line":1020,"column":4}}}},"statementMap":{"1":{"start":{"line":191,"column":8},"end":{"line":191,"column":55}},"2":{"start":{"line":195,"column":8},"end":{"line":195,"column":60}},"3":{"start":{"line":199,"column":8},"end":{"line":199,"column":56}},"4":{"start":{"line":214,"column":8},"end":{"line":214,"column":41}},"5":{"start":{"line":216,"column":8},"end":{"line":216,"column":8447}},"6":{"start":{"line":217,"column":12},"end":{"line":217,"column":43}},"7":{"start":{"line":218,"column":12},"end":{"line":218,"column":68}},"8":{"start":{"line":220,"column":12},"end":{"line":220,"column":8632}},"9":{"start":{"line":221,"column":16},"end":{"line":221,"column":72}},"10":{"start":{"line":224,"column":12},"end":{"line":224,"column":8771}},"11":{"start":{"line":229,"column":8},"end":{"line":229,"column":67}},"12":{"start":{"line":231,"column":8},"end":{"line":231,"column":62}},"13":{"start":{"line":232,"column":8},"end":{"line":232,"column":9013}},"14":{"start":{"line":237,"column":8},"end":{"line":237,"column":41}},"15":{"start":{"line":239,"column":8},"end":{"line":239,"column":48}},"16":{"start":{"line":254,"column":8},"end":{"line":254,"column":42}},"17":{"start":{"line":257,"column":8},"end":{"line":257,"column":9865}},"18":{"start":{"line":258,"column":12},"end":{"line":258,"column":43}},"19":{"start":{"line":259,"column":12},"end":{"line":259,"column":9977}},"20":{"start":{"line":263,"column":12},"end":{"line":263,"column":10064}},"21":{"start":{"line":264,"column":16},"end":{"line":264,"column":57}},"22":{"start":{"line":275,"column":8},"end":{"line":275,"column":52}},"23":{"start":{"line":276,"column":8},"end":{"line":276,"column":22}},"24":{"start":{"line":283,"column":8},"end":{"line":283,"column":62}},"25":{"start":{"line":284,"column":8},"end":{"line":284,"column":69}},"26":{"start":{"line":286,"column":8},"end":{"line":286,"column":76}},"27":{"start":{"line":288,"column":8},"end":{"line":288,"column":65}},"28":{"start":{"line":289,"column":8},"end":{"line":289,"column":51}},"29":{"start":{"line":290,"column":8},"end":{"line":290,"column":71}},"30":{"start":{"line":294,"column":8},"end":{"line":294,"column":49}},"31":{"start":{"line":296,"column":8},"end":{"line":296,"column":47}},"32":{"start":{"line":308,"column":8},"end":{"line":308,"column":39}},"33":{"start":{"line":309,"column":8},"end":{"line":309,"column":35}},"34":{"start":{"line":310,"column":8},"end":{"line":310,"column":11703}},"35":{"start":{"line":331,"column":8},"end":{"line":331,"column":39}},"36":{"start":{"line":332,"column":8},"end":{"line":332,"column":35}},"37":{"start":{"line":333,"column":8},"end":{"line":333,"column":12381}},"38":{"start":{"line":355,"column":8},"end":{"line":355,"column":12983}},"39":{"start":{"line":378,"column":8},"end":{"line":378,"column":13680}},"40":{"start":{"line":393,"column":8},"end":{"line":393,"column":59}},"41":{"start":{"line":394,"column":8},"end":{"line":394,"column":76}},"42":{"start":{"line":395,"column":8},"end":{"line":395,"column":62}},"43":{"start":{"line":396,"column":8},"end":{"line":396,"column":14303}},"44":{"start":{"line":401,"column":8},"end":{"line":401,"column":62}},"45":{"start":{"line":408,"column":8},"end":{"line":408,"column":59}},"46":{"start":{"line":409,"column":8},"end":{"line":409,"column":76}},"47":{"start":{"line":410,"column":8},"end":{"line":410,"column":62}},"48":{"start":{"line":413,"column":8},"end":{"line":413,"column":70}},"49":{"start":{"line":420,"column":8},"end":{"line":420,"column":59}},"50":{"start":{"line":421,"column":8},"end":{"line":421,"column":76}},"51":{"start":{"line":422,"column":8},"end":{"line":422,"column":62}},"52":{"start":{"line":425,"column":8},"end":{"line":425,"column":51}},"53":{"start":{"line":435,"column":8},"end":{"line":435,"column":68}},"54":{"start":{"line":436,"column":8},"end":{"line":436,"column":55}},"55":{"start":{"line":437,"column":8},"end":{"line":437,"column":67}},"56":{"start":{"line":440,"column":8},"end":{"line":440,"column":63}},"57":{"start":{"line":452,"column":8},"end":{"line":452,"column":59}},"58":{"start":{"line":453,"column":8},"end":{"line":453,"column":70}},"59":{"start":{"line":454,"column":8},"end":{"line":454,"column":53}},"60":{"start":{"line":455,"column":8},"end":{"line":455,"column":16600}},"61":{"start":{"line":468,"column":8},"end":{"line":468,"column":59}},"62":{"start":{"line":469,"column":8},"end":{"line":469,"column":67}},"63":{"start":{"line":470,"column":8},"end":{"line":470,"column":78}},"64":{"start":{"line":471,"column":8},"end":{"line":471,"column":84}},"65":{"start":{"line":473,"column":8},"end":{"line":473,"column":102}},"66":{"start":{"line":475,"column":8},"end":{"line":475,"column":17437}},"67":{"start":{"line":479,"column":8},"end":{"line":479,"column":52}},"68":{"start":{"line":490,"column":8},"end":{"line":490,"column":75}},"69":{"start":{"line":498,"column":8},"end":{"line":498,"column":59}},"70":{"start":{"line":499,"column":8},"end":{"line":499,"column":67}},"71":{"start":{"line":501,"column":8},"end":{"line":501,"column":102}},"72":{"start":{"line":502,"column":8},"end":{"line":502,"column":62}},"73":{"start":{"line":503,"column":8},"end":{"line":503,"column":75}},"74":{"start":{"line":504,"column":8},"end":{"line":504,"column":63}},"75":{"start":{"line":505,"column":8},"end":{"line":505,"column":100}},"76":{"start":{"line":508,"column":8},"end":{"line":508,"column":43}},"77":{"start":{"line":510,"column":8},"end":{"line":510,"column":75}},"78":{"start":{"line":518,"column":8},"end":{"line":518,"column":59}},"79":{"start":{"line":519,"column":8},"end":{"line":519,"column":67}},"80":{"start":{"line":520,"column":8},"end":{"line":520,"column":19491}},"81":{"start":{"line":524,"column":8},"end":{"line":524,"column":98}},"82":{"start":{"line":526,"column":8},"end":{"line":526,"column":19743}},"83":{"start":{"line":530,"column":8},"end":{"line":530,"column":52}},"84":{"start":{"line":541,"column":8},"end":{"line":541,"column":71}},"85":{"start":{"line":549,"column":8},"end":{"line":549,"column":59}},"86":{"start":{"line":550,"column":8},"end":{"line":550,"column":67}},"87":{"start":{"line":552,"column":8},"end":{"line":552,"column":98}},"88":{"start":{"line":553,"column":8},"end":{"line":553,"column":62}},"89":{"start":{"line":554,"column":8},"end":{"line":554,"column":75}},"90":{"start":{"line":555,"column":8},"end":{"line":555,"column":63}},"91":{"start":{"line":556,"column":8},"end":{"line":556,"column":98}},"92":{"start":{"line":559,"column":8},"end":{"line":559,"column":43}},"93":{"start":{"line":561,"column":8},"end":{"line":561,"column":71}},"94":{"start":{"line":574,"column":8},"end":{"line":574,"column":59}},"95":{"start":{"line":576,"column":8},"end":{"line":576,"column":45}},"96":{"start":{"line":577,"column":8},"end":{"line":577,"column":61}},"97":{"start":{"line":578,"column":8},"end":{"line":578,"column":66}},"98":{"start":{"line":580,"column":8},"end":{"line":580,"column":109}},"99":{"start":{"line":581,"column":8},"end":{"line":581,"column":107}},"100":{"start":{"line":583,"column":8},"end":{"line":583,"column":140}},"101":{"start":{"line":584,"column":8},"end":{"line":584,"column":148}},"102":{"start":{"line":586,"column":8},"end":{"line":586,"column":22575}},"103":{"start":{"line":590,"column":8},"end":{"line":590,"column":22689}},"104":{"start":{"line":591,"column":12},"end":{"line":591,"column":22732}},"105":{"start":{"line":595,"column":12},"end":{"line":595,"column":53}},"106":{"start":{"line":601,"column":8},"end":{"line":601,"column":23031}},"107":{"start":{"line":602,"column":12},"end":{"line":602,"column":23076}},"108":{"start":{"line":606,"column":12},"end":{"line":606,"column":23230}},"109":{"start":{"line":614,"column":8},"end":{"line":614,"column":82}},"110":{"start":{"line":621,"column":8},"end":{"line":621,"column":45}},"111":{"start":{"line":623,"column":8},"end":{"line":623,"column":23774}},"112":{"start":{"line":624,"column":12},"end":{"line":624,"column":23846}},"113":{"start":{"line":626,"column":16},"end":{"line":626,"column":36}},"114":{"start":{"line":632,"column":8},"end":{"line":632,"column":55}},"115":{"start":{"line":644,"column":8},"end":{"line":644,"column":62}},"116":{"start":{"line":645,"column":8},"end":{"line":645,"column":67}},"117":{"start":{"line":646,"column":8},"end":{"line":646,"column":66}},"118":{"start":{"line":649,"column":8},"end":{"line":649,"column":47}},"119":{"start":{"line":662,"column":8},"end":{"line":662,"column":46}},"120":{"start":{"line":664,"column":8},"end":{"line":664,"column":25250}},"121":{"start":{"line":668,"column":8},"end":{"line":668,"column":57}},"122":{"start":{"line":669,"column":8},"end":{"line":669,"column":70}},"123":{"start":{"line":670,"column":8},"end":{"line":670,"column":25538}},"124":{"start":{"line":671,"column":12},"end":{"line":671,"column":48}},"125":{"start":{"line":673,"column":8},"end":{"line":673,"column":25}},"126":{"start":{"line":680,"column":8},"end":{"line":680,"column":68}},"127":{"start":{"line":681,"column":8},"end":{"line":681,"column":79}},"128":{"start":{"line":682,"column":8},"end":{"line":682,"column":86}},"129":{"start":{"line":684,"column":8},"end":{"line":684,"column":55}},"130":{"start":{"line":685,"column":8},"end":{"line":685,"column":71}},"131":{"start":{"line":687,"column":8},"end":{"line":687,"column":75}},"132":{"start":{"line":688,"column":8},"end":{"line":688,"column":26315}},"133":{"start":{"line":689,"column":12},"end":{"line":689,"column":85}},"134":{"start":{"line":690,"column":12},"end":{"line":690,"column":26450}},"135":{"start":{"line":699,"column":8},"end":{"line":699,"column":45}},"136":{"start":{"line":713,"column":8},"end":{"line":713,"column":63}},"137":{"start":{"line":714,"column":8},"end":{"line":714,"column":24}},"138":{"start":{"line":721,"column":8},"end":{"line":721,"column":36}},"139":{"start":{"line":728,"column":8},"end":{"line":728,"column":62}},"140":{"start":{"line":732,"column":8},"end":{"line":732,"column":65}},"141":{"start":{"line":733,"column":8},"end":{"line":733,"column":60}},"142":{"start":{"line":734,"column":8},"end":{"line":734,"column":79}},"143":{"start":{"line":735,"column":8},"end":{"line":735,"column":73}},"144":{"start":{"line":737,"column":8},"end":{"line":737,"column":63}},"145":{"start":{"line":738,"column":8},"end":{"line":738,"column":67}},"146":{"start":{"line":739,"column":8},"end":{"line":739,"column":79}},"147":{"start":{"line":742,"column":8},"end":{"line":742,"column":42}},"148":{"start":{"line":744,"column":8},"end":{"line":744,"column":28479}},"149":{"start":{"line":746,"column":12},"end":{"line":746,"column":98}},"150":{"start":{"line":749,"column":8},"end":{"line":749,"column":50}},"151":{"start":{"line":751,"column":8},"end":{"line":751,"column":28800}},"152":{"start":{"line":752,"column":12},"end":{"line":752,"column":28887}},"153":{"start":{"line":754,"column":16},"end":{"line":754,"column":22}},"154":{"start":{"line":758,"column":12},"end":{"line":758,"column":73}},"155":{"start":{"line":766,"column":8},"end":{"line":766,"column":68}},"156":{"start":{"line":768,"column":8},"end":{"line":768,"column":55}},"157":{"start":{"line":769,"column":8},"end":{"line":769,"column":67}},"158":{"start":{"line":775,"column":8},"end":{"line":775,"column":44}},"159":{"start":{"line":786,"column":8},"end":{"line":786,"column":62}},"160":{"start":{"line":787,"column":8},"end":{"line":787,"column":67}},"161":{"start":{"line":790,"column":8},"end":{"line":790,"column":41}},"162":{"start":{"line":793,"column":8},"end":{"line":793,"column":29}},"163":{"start":{"line":796,"column":8},"end":{"line":796,"column":44}},"164":{"start":{"line":797,"column":8},"end":{"line":797,"column":22}},"165":{"start":{"line":806,"column":8},"end":{"line":806,"column":40}},"166":{"start":{"line":807,"column":8},"end":{"line":807,"column":30721}},"167":{"start":{"line":811,"column":8},"end":{"line":811,"column":21}},"168":{"start":{"line":816,"column":8},"end":{"line":816,"column":31}},"169":{"start":{"line":832,"column":8},"end":{"line":832,"column":45}},"170":{"start":{"line":833,"column":8},"end":{"line":833,"column":31405}},"171":{"start":{"line":849,"column":8},"end":{"line":849,"column":61}},"172":{"start":{"line":850,"column":8},"end":{"line":850,"column":25}},"173":{"start":{"line":852,"column":8},"end":{"line":852,"column":31926}},"174":{"start":{"line":853,"column":12},"end":{"line":853,"column":78}},"175":{"start":{"line":854,"column":12},"end":{"line":854,"column":32072}},"176":{"start":{"line":859,"column":8},"end":{"line":859,"column":69}},"177":{"start":{"line":860,"column":8},"end":{"line":860,"column":25}},"178":{"start":{"line":862,"column":8},"end":{"line":862,"column":32295}},"179":{"start":{"line":863,"column":12},"end":{"line":863,"column":78}},"180":{"start":{"line":864,"column":12},"end":{"line":864,"column":32441}},"181":{"start":{"line":870,"column":8},"end":{"line":870,"column":22}},"182":{"start":{"line":877,"column":8},"end":{"line":877,"column":41}},"183":{"start":{"line":884,"column":8},"end":{"line":884,"column":45}},"184":{"start":{"line":891,"column":8},"end":{"line":891,"column":33310}},"185":{"start":{"line":892,"column":12},"end":{"line":892,"column":24}},"186":{"start":{"line":894,"column":8},"end":{"line":894,"column":49}},"187":{"start":{"line":901,"column":8},"end":{"line":901,"column":33}},"188":{"start":{"line":908,"column":8},"end":{"line":908,"column":23}},"189":{"start":{"line":909,"column":8},"end":{"line":909,"column":33}},"190":{"start":{"line":913,"column":8},"end":{"line":913,"column":55}},"191":{"start":{"line":914,"column":8},"end":{"line":914,"column":52}},"192":{"start":{"line":916,"column":8},"end":{"line":916,"column":34083}},"193":{"start":{"line":918,"column":15},"end":{"line":918,"column":34163}},"194":{"start":{"line":922,"column":8},"end":{"line":922,"column":34309}},"195":{"start":{"line":923,"column":12},"end":{"line":923,"column":34350}},"196":{"start":{"line":926,"column":15},"end":{"line":926,"column":34449}},"197":{"start":{"line":928,"column":12},"end":{"line":928,"column":34542}},"198":{"start":{"line":937,"column":8},"end":{"line":937,"column":34981}},"199":{"start":{"line":941,"column":8},"end":{"line":941,"column":19}},"200":{"start":{"line":945,"column":8},"end":{"line":945,"column":55}},"201":{"start":{"line":946,"column":8},"end":{"line":946,"column":69}},"202":{"start":{"line":952,"column":8},"end":{"line":952,"column":55}},"203":{"start":{"line":956,"column":8},"end":{"line":956,"column":55}},"204":{"start":{"line":957,"column":8},"end":{"line":957,"column":35819}},"205":{"start":{"line":958,"column":12},"end":{"line":958,"column":23}},"206":{"start":{"line":961,"column":8},"end":{"line":961,"column":35900}},"207":{"start":{"line":962,"column":12},"end":{"line":962,"column":24}},"208":{"start":{"line":965,"column":8},"end":{"line":965,"column":35985}},"209":{"start":{"line":966,"column":12},"end":{"line":966,"column":24}},"210":{"start":{"line":969,"column":8},"end":{"line":969,"column":95}},"211":{"start":{"line":973,"column":8},"end":{"line":973,"column":60}},"212":{"start":{"line":974,"column":8},"end":{"line":974,"column":41}},"213":{"start":{"line":978,"column":8},"end":{"line":978,"column":70}},"214":{"start":{"line":979,"column":8},"end":{"line":979,"column":36553}},"215":{"start":{"line":980,"column":12},"end":{"line":980,"column":24}},"216":{"start":{"line":982,"column":8},"end":{"line":982,"column":80}},"217":{"start":{"line":986,"column":8},"end":{"line":986,"column":55}},"218":{"start":{"line":987,"column":8},"end":{"line":987,"column":73}},"219":{"start":{"line":989,"column":8},"end":{"line":989,"column":36957}},"220":{"start":{"line":990,"column":12},"end":{"line":990,"column":23}},"221":{"start":{"line":993,"column":8},"end":{"line":993,"column":62}},"222":{"start":{"line":995,"column":8},"end":{"line":995,"column":37117}},"223":{"start":{"line":996,"column":12},"end":{"line":996,"column":37}},"224":{"start":{"line":999,"column":8},"end":{"line":999,"column":37226}},"225":{"start":{"line":1000,"column":12},"end":{"line":1000,"column":82}},"226":{"start":{"line":1003,"column":8},"end":{"line":1003,"column":37385}},"227":{"start":{"line":1004,"column":12},"end":{"line":1004,"column":36}},"228":{"start":{"line":1007,"column":8},"end":{"line":1007,"column":20}},"229":{"start":{"line":1011,"column":8},"end":{"line":1011,"column":57}},"230":{"start":{"line":1015,"column":8},"end":{"line":1015,"column":37811}}},"branchMap":{"1":{"line":218,"type":"if","locations":[{"start":{"line":218,"column":12},"end":{"line":218,"column":12}},{"start":{"line":218,"column":12},"end":{"line":218,"column":12}}]},"2":{"line":221,"type":"if","locations":[{"start":{"line":221,"column":16},"end":{"line":221,"column":16}},{"start":{"line":221,"column":16},"end":{"line":221,"column":16}}]},"3":{"line":224,"type":"if","locations":[{"start":{"line":224,"column":12},"end":{"line":224,"column":12}},{"start":{"line":224,"column":12},"end":{"line":224,"column":12}}]},"4":{"line":229,"type":"if","locations":[{"start":{"line":229,"column":8},"end":{"line":229,"column":8}},{"start":{"line":229,"column":8},"end":{"line":229,"column":8}}]},"5":{"line":232,"type":"if","locations":[{"start":{"line":232,"column":8},"end":{"line":232,"column":8}},{"start":{"line":232,"column":8},"end":{"line":232,"column":8}}]},"6":{"line":232,"type":"cond-expr","locations":[{"start":{"line":232,"column":12},"end":{"line":232,"column":33}},{"start":{"line":232,"column":38},"end":{"line":232,"column":75}}]},"7":{"line":259,"type":"if","locations":[{"start":{"line":259,"column":12},"end":{"line":259,"column":12}},{"start":{"line":259,"column":12},"end":{"line":259,"column":12}}]},"8":{"line":263,"type":"if","locations":[{"start":{"line":263,"column":12},"end":{"line":263,"column":12}},{"start":{"line":263,"column":12},"end":{"line":263,"column":12}}]},"9":{"line":283,"type":"if","locations":[{"start":{"line":283,"column":8},"end":{"line":283,"column":8}},{"start":{"line":283,"column":8},"end":{"line":283,"column":8}}]},"10":{"line":284,"type":"if","locations":[{"start":{"line":284,"column":8},"end":{"line":284,"column":8}},{"start":{"line":284,"column":8},"end":{"line":284,"column":8}}]},"11":{"line":288,"type":"if","locations":[{"start":{"line":288,"column":8},"end":{"line":288,"column":8}},{"start":{"line":288,"column":8},"end":{"line":288,"column":8}}]},"12":{"line":289,"type":"if","locations":[{"start":{"line":289,"column":8},"end":{"line":289,"column":8}},{"start":{"line":289,"column":8},"end":{"line":289,"column":8}}]},"13":{"line":290,"type":"if","locations":[{"start":{"line":290,"column":8},"end":{"line":290,"column":8}},{"start":{"line":290,"column":8},"end":{"line":290,"column":8}}]},"14":{"line":393,"type":"if","locations":[{"start":{"line":393,"column":8},"end":{"line":393,"column":8}},{"start":{"line":393,"column":8},"end":{"line":393,"column":8}}]},"15":{"line":394,"type":"if","locations":[{"start":{"line":394,"column":8},"end":{"line":394,"column":8}},{"start":{"line":394,"column":8},"end":{"line":394,"column":8}}]},"16":{"line":395,"type":"if","locations":[{"start":{"line":395,"column":8},"end":{"line":395,"column":8}},{"start":{"line":395,"column":8},"end":{"line":395,"column":8}}]},"17":{"line":396,"type":"if","locations":[{"start":{"line":396,"column":8},"end":{"line":396,"column":8}},{"start":{"line":396,"column":8},"end":{"line":396,"column":8}}]},"18":{"line":396,"type":"cond-expr","locations":[{"start":{"line":396,"column":12},"end":{"line":396,"column":36}},{"start":{"line":396,"column":41},"end":{"line":396,"column":67}}]},"19":{"line":408,"type":"if","locations":[{"start":{"line":408,"column":8},"end":{"line":408,"column":8}},{"start":{"line":408,"column":8},"end":{"line":408,"column":8}}]},"20":{"line":409,"type":"if","locations":[{"start":{"line":409,"column":8},"end":{"line":409,"column":8}},{"start":{"line":409,"column":8},"end":{"line":409,"column":8}}]},"21":{"line":410,"type":"if","locations":[{"start":{"line":410,"column":8},"end":{"line":410,"column":8}},{"start":{"line":410,"column":8},"end":{"line":410,"column":8}}]},"22":{"line":420,"type":"if","locations":[{"start":{"line":420,"column":8},"end":{"line":420,"column":8}},{"start":{"line":420,"column":8},"end":{"line":420,"column":8}}]},"23":{"line":421,"type":"if","locations":[{"start":{"line":421,"column":8},"end":{"line":421,"column":8}},{"start":{"line":421,"column":8},"end":{"line":421,"column":8}}]},"24":{"line":422,"type":"if","locations":[{"start":{"line":422,"column":8},"end":{"line":422,"column":8}},{"start":{"line":422,"column":8},"end":{"line":422,"column":8}}]},"25":{"line":435,"type":"if","locations":[{"start":{"line":435,"column":8},"end":{"line":435,"column":8}},{"start":{"line":435,"column":8},"end":{"line":435,"column":8}}]},"26":{"line":437,"type":"if","locations":[{"start":{"line":437,"column":8},"end":{"line":437,"column":8}},{"start":{"line":437,"column":8},"end":{"line":437,"column":8}}]},"27":{"line":452,"type":"if","locations":[{"start":{"line":452,"column":8},"end":{"line":452,"column":8}},{"start":{"line":452,"column":8},"end":{"line":452,"column":8}}]},"28":{"line":468,"type":"if","locations":[{"start":{"line":468,"column":8},"end":{"line":468,"column":8}},{"start":{"line":468,"column":8},"end":{"line":468,"column":8}}]},"29":{"line":469,"type":"if","locations":[{"start":{"line":469,"column":8},"end":{"line":469,"column":8}},{"start":{"line":469,"column":8},"end":{"line":469,"column":8}}]},"30":{"line":470,"type":"if","locations":[{"start":{"line":470,"column":8},"end":{"line":470,"column":8}},{"start":{"line":470,"column":8},"end":{"line":470,"column":8}}]},"31":{"line":471,"type":"if","locations":[{"start":{"line":471,"column":8},"end":{"line":471,"column":8}},{"start":{"line":471,"column":8},"end":{"line":471,"column":8}}]},"32":{"line":475,"type":"if","locations":[{"start":{"line":475,"column":8},"end":{"line":475,"column":8}},{"start":{"line":475,"column":8},"end":{"line":475,"column":8}}]},"33":{"line":498,"type":"if","locations":[{"start":{"line":498,"column":8},"end":{"line":498,"column":8}},{"start":{"line":498,"column":8},"end":{"line":498,"column":8}}]},"34":{"line":499,"type":"if","locations":[{"start":{"line":499,"column":8},"end":{"line":499,"column":8}},{"start":{"line":499,"column":8},"end":{"line":499,"column":8}}]},"35":{"line":502,"type":"if","locations":[{"start":{"line":502,"column":8},"end":{"line":502,"column":8}},{"start":{"line":502,"column":8},"end":{"line":502,"column":8}}]},"36":{"line":503,"type":"if","locations":[{"start":{"line":503,"column":8},"end":{"line":503,"column":8}},{"start":{"line":503,"column":8},"end":{"line":503,"column":8}}]},"37":{"line":504,"type":"if","locations":[{"start":{"line":504,"column":8},"end":{"line":504,"column":8}},{"start":{"line":504,"column":8},"end":{"line":504,"column":8}}]},"38":{"line":505,"type":"if","locations":[{"start":{"line":505,"column":8},"end":{"line":505,"column":8}},{"start":{"line":505,"column":8},"end":{"line":505,"column":8}}]},"39":{"line":518,"type":"if","locations":[{"start":{"line":518,"column":8},"end":{"line":518,"column":8}},{"start":{"line":518,"column":8},"end":{"line":518,"column":8}}]},"40":{"line":519,"type":"if","locations":[{"start":{"line":519,"column":8},"end":{"line":519,"column":8}},{"start":{"line":519,"column":8},"end":{"line":519,"column":8}}]},"41":{"line":520,"type":"if","locations":[{"start":{"line":520,"column":8},"end":{"line":520,"column":8}},{"start":{"line":520,"column":8},"end":{"line":520,"column":8}}]},"42":{"line":520,"type":"cond-expr","locations":[{"start":{"line":520,"column":12},"end":{"line":520,"column":28}},{"start":{"line":520,"column":33},"end":{"line":520,"column":79}}]},"43":{"line":526,"type":"if","locations":[{"start":{"line":526,"column":8},"end":{"line":526,"column":8}},{"start":{"line":526,"column":8},"end":{"line":526,"column":8}}]},"44":{"line":549,"type":"if","locations":[{"start":{"line":549,"column":8},"end":{"line":549,"column":8}},{"start":{"line":549,"column":8},"end":{"line":549,"column":8}}]},"45":{"line":550,"type":"if","locations":[{"start":{"line":550,"column":8},"end":{"line":550,"column":8}},{"start":{"line":550,"column":8},"end":{"line":550,"column":8}}]},"46":{"line":553,"type":"if","locations":[{"start":{"line":553,"column":8},"end":{"line":553,"column":8}},{"start":{"line":553,"column":8},"end":{"line":553,"column":8}}]},"47":{"line":554,"type":"if","locations":[{"start":{"line":554,"column":8},"end":{"line":554,"column":8}},{"start":{"line":554,"column":8},"end":{"line":554,"column":8}}]},"48":{"line":555,"type":"if","locations":[{"start":{"line":555,"column":8},"end":{"line":555,"column":8}},{"start":{"line":555,"column":8},"end":{"line":555,"column":8}}]},"49":{"line":556,"type":"if","locations":[{"start":{"line":556,"column":8},"end":{"line":556,"column":8}},{"start":{"line":556,"column":8},"end":{"line":556,"column":8}}]},"50":{"line":574,"type":"if","locations":[{"start":{"line":574,"column":8},"end":{"line":574,"column":8}},{"start":{"line":574,"column":8},"end":{"line":574,"column":8}}]},"51":{"line":586,"type":"if","locations":[{"start":{"line":586,"column":8},"end":{"line":586,"column":8}},{"start":{"line":586,"column":8},"end":{"line":586,"column":8}}]},"52":{"line":590,"type":"if","locations":[{"start":{"line":590,"column":8},"end":{"line":590,"column":8}},{"start":{"line":590,"column":8},"end":{"line":590,"column":8}}]},"53":{"line":591,"type":"if","locations":[{"start":{"line":591,"column":12},"end":{"line":591,"column":12}},{"start":{"line":591,"column":12},"end":{"line":591,"column":12}}]},"54":{"line":601,"type":"if","locations":[{"start":{"line":601,"column":8},"end":{"line":601,"column":8}},{"start":{"line":601,"column":8},"end":{"line":601,"column":8}}]},"55":{"line":602,"type":"if","locations":[{"start":{"line":602,"column":12},"end":{"line":602,"column":12}},{"start":{"line":602,"column":12},"end":{"line":602,"column":12}}]},"56":{"line":606,"type":"if","locations":[{"start":{"line":606,"column":12},"end":{"line":606,"column":12}},{"start":{"line":606,"column":12},"end":{"line":606,"column":12}}]},"57":{"line":624,"type":"if","locations":[{"start":{"line":624,"column":12},"end":{"line":624,"column":12}},{"start":{"line":624,"column":12},"end":{"line":624,"column":12}}]},"58":{"line":644,"type":"if","locations":[{"start":{"line":644,"column":8},"end":{"line":644,"column":8}},{"start":{"line":644,"column":8},"end":{"line":644,"column":8}}]},"59":{"line":645,"type":"if","locations":[{"start":{"line":645,"column":8},"end":{"line":645,"column":8}},{"start":{"line":645,"column":8},"end":{"line":645,"column":8}}]},"60":{"line":646,"type":"if","locations":[{"start":{"line":646,"column":8},"end":{"line":646,"column":8}},{"start":{"line":646,"column":8},"end":{"line":646,"column":8}}]},"61":{"line":670,"type":"if","locations":[{"start":{"line":670,"column":8},"end":{"line":670,"column":8}},{"start":{"line":670,"column":8},"end":{"line":670,"column":8}}]},"62":{"line":680,"type":"if","locations":[{"start":{"line":680,"column":8},"end":{"line":680,"column":8}},{"start":{"line":680,"column":8},"end":{"line":680,"column":8}}]},"63":{"line":681,"type":"if","locations":[{"start":{"line":681,"column":8},"end":{"line":681,"column":8}},{"start":{"line":681,"column":8},"end":{"line":681,"column":8}}]},"64":{"line":682,"type":"if","locations":[{"start":{"line":682,"column":8},"end":{"line":682,"column":8}},{"start":{"line":682,"column":8},"end":{"line":682,"column":8}}]},"65":{"line":685,"type":"if","locations":[{"start":{"line":685,"column":8},"end":{"line":685,"column":8}},{"start":{"line":685,"column":8},"end":{"line":685,"column":8}}]},"66":{"line":688,"type":"if","locations":[{"start":{"line":688,"column":8},"end":{"line":688,"column":8}},{"start":{"line":688,"column":8},"end":{"line":688,"column":8}}]},"67":{"line":690,"type":"if","locations":[{"start":{"line":690,"column":12},"end":{"line":690,"column":12}},{"start":{"line":690,"column":12},"end":{"line":690,"column":12}}]},"68":{"line":733,"type":"if","locations":[{"start":{"line":733,"column":8},"end":{"line":733,"column":8}},{"start":{"line":733,"column":8},"end":{"line":733,"column":8}}]},"69":{"line":734,"type":"if","locations":[{"start":{"line":734,"column":8},"end":{"line":734,"column":8}},{"start":{"line":734,"column":8},"end":{"line":734,"column":8}}]},"70":{"line":735,"type":"if","locations":[{"start":{"line":735,"column":8},"end":{"line":735,"column":8}},{"start":{"line":735,"column":8},"end":{"line":735,"column":8}}]},"71":{"line":738,"type":"if","locations":[{"start":{"line":738,"column":8},"end":{"line":738,"column":8}},{"start":{"line":738,"column":8},"end":{"line":738,"column":8}}]},"72":{"line":739,"type":"if","locations":[{"start":{"line":739,"column":8},"end":{"line":739,"column":8}},{"start":{"line":739,"column":8},"end":{"line":739,"column":8}}]},"73":{"line":744,"type":"if","locations":[{"start":{"line":744,"column":8},"end":{"line":744,"column":8}},{"start":{"line":744,"column":8},"end":{"line":744,"column":8}}]},"74":{"line":751,"type":"if","locations":[{"start":{"line":751,"column":8},"end":{"line":751,"column":8}},{"start":{"line":751,"column":8},"end":{"line":751,"column":8}}]},"75":{"line":752,"type":"if","locations":[{"start":{"line":752,"column":12},"end":{"line":752,"column":12}},{"start":{"line":752,"column":12},"end":{"line":752,"column":12}}]},"76":{"line":766,"type":"if","locations":[{"start":{"line":766,"column":8},"end":{"line":766,"column":8}},{"start":{"line":766,"column":8},"end":{"line":766,"column":8}}]},"77":{"line":769,"type":"if","locations":[{"start":{"line":769,"column":8},"end":{"line":769,"column":8}},{"start":{"line":769,"column":8},"end":{"line":769,"column":8}}]},"78":{"line":786,"type":"if","locations":[{"start":{"line":786,"column":8},"end":{"line":786,"column":8}},{"start":{"line":786,"column":8},"end":{"line":786,"column":8}}]},"79":{"line":787,"type":"if","locations":[{"start":{"line":787,"column":8},"end":{"line":787,"column":8}},{"start":{"line":787,"column":8},"end":{"line":787,"column":8}}]},"80":{"line":807,"type":"if","locations":[{"start":{"line":807,"column":8},"end":{"line":807,"column":8}},{"start":{"line":807,"column":8},"end":{"line":807,"column":8}}]},"81":{"line":854,"type":"if","locations":[{"start":{"line":854,"column":12},"end":{"line":854,"column":12}},{"start":{"line":854,"column":12},"end":{"line":854,"column":12}}]},"82":{"line":864,"type":"if","locations":[{"start":{"line":864,"column":12},"end":{"line":864,"column":12}},{"start":{"line":864,"column":12},"end":{"line":864,"column":12}}]},"83":{"line":891,"type":"if","locations":[{"start":{"line":891,"column":8},"end":{"line":891,"column":8}},{"start":{"line":891,"column":8},"end":{"line":891,"column":8}}]},"84":{"line":916,"type":"if","locations":[{"start":{"line":916,"column":8},"end":{"line":916,"column":8}},{"start":{"line":916,"column":8},"end":{"line":916,"column":8}}]},"85":{"line":918,"type":"if","locations":[{"start":{"line":918,"column":15},"end":{"line":918,"column":15}},{"start":{"line":918,"column":15},"end":{"line":918,"column":15}}]},"86":{"line":922,"type":"if","locations":[{"start":{"line":922,"column":8},"end":{"line":922,"column":8}},{"start":{"line":922,"column":8},"end":{"line":922,"column":8}}]},"87":{"line":923,"type":"if","locations":[{"start":{"line":923,"column":12},"end":{"line":923,"column":12}},{"start":{"line":923,"column":12},"end":{"line":923,"column":12}}]},"88":{"line":926,"type":"if","locations":[{"start":{"line":926,"column":15},"end":{"line":926,"column":15}},{"start":{"line":926,"column":15},"end":{"line":926,"column":15}}]},"89":{"line":928,"type":"if","locations":[{"start":{"line":928,"column":12},"end":{"line":928,"column":12}},{"start":{"line":928,"column":12},"end":{"line":928,"column":12}}]},"90":{"line":937,"type":"if","locations":[{"start":{"line":937,"column":8},"end":{"line":937,"column":8}},{"start":{"line":937,"column":8},"end":{"line":937,"column":8}}]},"91":{"line":957,"type":"if","locations":[{"start":{"line":957,"column":8},"end":{"line":957,"column":8}},{"start":{"line":957,"column":8},"end":{"line":957,"column":8}}]},"92":{"line":961,"type":"if","locations":[{"start":{"line":961,"column":8},"end":{"line":961,"column":8}},{"start":{"line":961,"column":8},"end":{"line":961,"column":8}}]},"93":{"line":965,"type":"if","locations":[{"start":{"line":965,"column":8},"end":{"line":965,"column":8}},{"start":{"line":965,"column":8},"end":{"line":965,"column":8}}]},"94":{"line":974,"type":"if","locations":[{"start":{"line":974,"column":30},"end":{"line":974,"column":30}},{"start":{"line":974,"column":34},"end":{"line":974,"column":40}}]},"95":{"line":979,"type":"if","locations":[{"start":{"line":979,"column":8},"end":{"line":979,"column":8}},{"start":{"line":979,"column":8},"end":{"line":979,"column":8}}]},"96":{"line":989,"type":"if","locations":[{"start":{"line":989,"column":8},"end":{"line":989,"column":8}},{"start":{"line":989,"column":8},"end":{"line":989,"column":8}}]},"97":{"line":995,"type":"if","locations":[{"start":{"line":995,"column":8},"end":{"line":995,"column":8}},{"start":{"line":995,"column":8},"end":{"line":995,"column":8}}]},"98":{"line":999,"type":"if","locations":[{"start":{"line":999,"column":8},"end":{"line":999,"column":8}},{"start":{"line":999,"column":8},"end":{"line":999,"column":8}}]},"99":{"line":1000,"type":"cond-expr","locations":[{"start":{"line":1000,"column":19},"end":{"line":1000,"column":60}},{"start":{"line":1000,"column":65},"end":{"line":1000,"column":81}}]},"100":{"line":1003,"type":"if","locations":[{"start":{"line":1003,"column":8},"end":{"line":1003,"column":8}},{"start":{"line":1003,"column":8},"end":{"line":1003,"column":8}}]},"101":{"line":1016,"type":"cond-expr","locations":[{"start":{"line":1016,"column":12},"end":{"line":1016,"column":27}},{"start":{"line":1017,"column":12},"end":{"line":1017,"column":42}}]},"102":{"line":1016,"type":"cond-expr","locations":[{"start":{"line":1016,"column":12},"end":{"line":1017,"column":42}},{"start":{"line":1018,"column":12},"end":{"line":1018,"column":43}}]}}}}